<?xml version="1.0" encoding="utf-8"?><testsuites name="pytest tests"><testsuite name="pytest" errors="0" failures="0" skipped="0" tests="11" time="12.535" timestamp="2026-09-19T16:42:12.921324+00:00" hostname="agent-env-5d881d0a-c57d-49a6-99dd-2d2c41f73e87"><testcase classname="tests.test_iteration3.TestPilotInvites" name="test_create_invite_ok" time="0.146" /><testcase classname="tests.test_iteration3.TestSnapshotTrends" name="test_trends_demo_returns_7_points_per_product" time="0.142" /><testcase classname="tests.test_iteration3.TestPilotInvites" name="test_get_invite_returns_market" time="0.122" /><testcase classname="tests.test_iteration3.TestSnapshotTrends" name="test_trends_tomatoes_price_rises_and_tightens" time="0.121" /><testcase classname="tests.test_iteration3.TestSnapshotTrends" name="test_trends_pilot_empty" time="0.130" /><testcase classname="tests.test_iteration3.TestPilotInvites" name="test_get_invite_bad_code_404" time="0.168" /><testcase classname="tests.test_iteration3.TestRegression" name="test_market_pulse_demo_returns_8_products" time="0.125" /><testcase classname="tests.test_iteration3.TestVoice" name="test_voice_status_configured" time="0.130" /><testcase classname="tests.test_iteration3.TestRegression" name="test_signals_interpret_live" time="10.778" /><testcase classname="tests.test_iteration3.TestVoice" name="test_voice_transcribe_real_speech" time="4.003" /><testcase classname="tests.test_iteration3.TestRegression" name="test_shopper_onboard_flips_env" time="0.355" /></testsuite></testsuites>