<?xml version="1.0" encoding="utf-8"?><testsuites name="pytest tests"><testsuite name="pytest" errors="0" failures="0" skipped="0" tests="20" time="4.648" timestamp="2026-09-19T16:27:56.299562+00:00" hostname="agent-env-5d881d0a-c57d-49a6-99dd-2d2c41f73e87"><testcase classname="tests.test_iteration2" name="test_demo_pulse_has_demo_products" time="0.283" /><testcase classname="tests.test_iteration2" name="test_pilot_pulse_empty_initially" time="0.072" /><testcase classname="tests.test_iteration2" name="test_signal_without_participant_is_demo" time="0.061" /><testcase classname="tests.test_iteration2" name="test_signal_with_participant_is_pilot" time="0.187" /><testcase classname="tests.test_iteration2" name="test_onboard_shopper_success" time="0.064" /><testcase classname="tests.test_iteration2" name="test_onboard_shopper_requires_consent" time="0.060" /><testcase classname="tests.test_iteration2" name="test_onboard_vendor_success" time="0.064" /><testcase classname="tests.test_iteration2" name="test_onboard_vendor_requires_consent" time="0.063" /><testcase classname="tests.test_iteration2" name="test_pilot_status_environment_pilot" time="0.064" /><testcase classname="tests.test_iteration2" name="test_voice_status_configured" time="0.061" /><testcase classname="tests.test_iteration2" name="test_voice_transcribe_handles_bad_audio_gracefully" time="1.723" /><testcase classname="tests.test_iteration2" name="test_whatsapp_status_unconfigured" time="0.063" /><testcase classname="tests.test_iteration2" name="test_whatsapp_webhook_verify_403" time="0.070" /><testcase classname="tests.test_iteration2" name="test_whatsapp_inbound_503" time="0.062" /><testcase classname="tests.test_iteration2" name="test_snapshots_capture_and_history" time="1.207" /><testcase classname="tests.test_iteration2" name="test_snapshots_demo_labelled" time="0.066" /><testcase classname="tests.test_iteration2" name="test_markets_nearby_sorted" time="0.067" /><testcase classname="tests.test_iteration2" name="test_cron_no_auth_401" time="0.123" /><testcase classname="tests.test_iteration2" name="test_cron_valid_auth_200" time="0.127" /><testcase classname="tests.test_iteration2" name="test_zz_cleanup" time="0.078" /></testsuite></testsuites>