<?xml version="1.0" encoding="utf-8"?><testsuites name="pytest tests"><testsuite name="pytest" errors="0" failures="0" skipped="0" tests="15" time="44.552" timestamp="2026-09-19T16:06:15.121002+00:00" hostname="agent-env-5d881d0a-c57d-49a6-99dd-2d2c41f73e87"><testcase classname="tests.backend_test" name="test_root" time="0.263" /><testcase classname="tests.backend_test" name="test_market_pulse" time="0.074" /><testcase classname="tests.backend_test" name="test_interpret_signal_hinglish_live" time="14.400" /><testcase classname="tests.backend_test" name="test_interpret_signal_empty_400" time="0.066" /><testcase classname="tests.backend_test" name="test_interpret_signal_with_image_live" time="7.359" /><testcase classname="tests.backend_test" name="test_shopping_list_parse_live" time="4.985" /><testcase classname="tests.backend_test" name="test_ask_bazaar_live" time="10.716" /><testcase classname="tests.backend_test" name="test_ask_bazaar_out_of_scope" time="4.458" /><testcase classname="tests.backend_test" name="test_signal_confirmed_and_reflected" time="1.208" /><testcase classname="tests.backend_test" name="test_signal_moderation_impossible_price" time="0.066" /><testcase classname="tests.backend_test" name="test_signal_moderation_unknown_product" time="0.066" /><testcase classname="tests.backend_test" name="test_vendor_demand" time="0.076" /><testcase classname="tests.backend_test" name="test_market_network" time="0.072" /><testcase classname="tests.backend_test" name="test_snapshots" time="0.063" /><testcase classname="tests.backend_test" name="test_pilot_metrics" time="0.062" /></testsuite></testsuites>